<?xml version="1.0" encoding="UTF-8"?>
<testng-results ignored="0" total="1" passed="1" failed="0" skipped="0">
  <reporter-output>
  </reporter-output>
  <suite started-at="2022-12-17T03:10:40Z" name="Default suite" finished-at="2022-12-17T03:11:25Z" duration-ms="44990">
    <groups>
    </groups>
    <test started-at="2022-12-17T03:10:40Z" name="Default test" finished-at="2022-12-17T03:11:25Z" duration-ms="44990">
      <class name="rahulshettyacademy1.tests.SubmitOrderTest">
        <test-method is-config="true" signature="launchApplication()[pri:0, instance:rahulshettyacademy1.tests.SubmitOrderTest@512baff6]" started-at="2022-12-17T03:10:40Z" name="launchApplication" finished-at="2022-12-17T03:10:55Z" duration-ms="14448" status="PASS">
          <reporter-output>
          </reporter-output>
        </test-method> <!-- launchApplication -->
        <test-method signature="submitOrder()[pri:0, instance:rahulshettyacademy1.tests.SubmitOrderTest@512baff6]" started-at="2022-12-17T03:10:55Z" name="submitOrder" finished-at="2022-12-17T03:11:09Z" duration-ms="14310" status="PASS">
          <reporter-output>
          </reporter-output>
        </test-method> <!-- submitOrder -->
        <test-method is-config="true" signature="tearDown()[pri:0, instance:rahulshettyacademy1.tests.SubmitOrderTest@512baff6]" started-at="2022-12-17T03:11:09Z" name="tearDown" finished-at="2022-12-17T03:11:25Z" duration-ms="16204" status="PASS">
          <reporter-output>
          </reporter-output>
        </test-method> <!-- tearDown -->
      </class> <!-- rahulshettyacademy1.tests.SubmitOrderTest -->
    </test> <!-- Default test -->
  </suite> <!-- Default suite -->
</testng-results>
